0 info it worked if it ends with ok
1 verbose cli [ 'node', '/Users/nhindman/local/bin/npm', 'install' ]
2 info using npm@1.4.10
3 info using node@v0.10.28
4 verbose readDependencies using package.json deps
5 verbose install where, deps [ '/Users/nhindman/Documents/ga_wdi/projects/polaroid',
5 verbose install   [ 'grunt',
5 verbose install     'grunt-contrib-clean',
5 verbose install     'grunt-contrib-connect',
5 verbose install     'grunt-contrib-watch',
5 verbose install     'grunt-contrib-copy',
5 verbose install     'grunt-contrib-requirejs',
5 verbose install     'grunt-contrib-htmlmin',
5 verbose install     'grunt-contrib-concat',
5 verbose install     'grunt-contrib-cssmin',
5 verbose install     'grunt-contrib-uglify',
5 verbose install     'grunt-rev',
5 verbose install     'grunt-bower-requirejs',
5 verbose install     'grunt-processhtml',
5 verbose install     'grunt-usemin',
5 verbose install     'grunt-eslint',
5 verbose install     'grunt-jscs-checker',
5 verbose install     'load-grunt-config',
5 verbose install     'time-grunt' ] ]
6 info preinstall polaroid@0.1.0
7 verbose readDependencies using package.json deps
8 verbose already installed skipping grunt-contrib-connect@^0.7.1 /Users/nhindman/Documents/ga_wdi/projects/polaroid
9 verbose already installed skipping grunt@~0.4.2 /Users/nhindman/Documents/ga_wdi/projects/polaroid
10 verbose already installed skipping grunt-contrib-clean@^0.5.0 /Users/nhindman/Documents/ga_wdi/projects/polaroid
11 verbose already installed skipping grunt-contrib-watch@^0.6.1 /Users/nhindman/Documents/ga_wdi/projects/polaroid
12 verbose already installed skipping grunt-contrib-copy@^0.5.0 /Users/nhindman/Documents/ga_wdi/projects/polaroid
13 verbose already installed skipping grunt-contrib-requirejs@^0.4.3 /Users/nhindman/Documents/ga_wdi/projects/polaroid
14 verbose already installed skipping grunt-contrib-concat@^0.4.0 /Users/nhindman/Documents/ga_wdi/projects/polaroid
15 verbose already installed skipping grunt-contrib-htmlmin@^0.2.0 /Users/nhindman/Documents/ga_wdi/projects/polaroid
16 verbose already installed skipping grunt-contrib-cssmin@^0.9.0 /Users/nhindman/Documents/ga_wdi/projects/polaroid
17 verbose already installed skipping grunt-contrib-uglify@^0.4.0 /Users/nhindman/Documents/ga_wdi/projects/polaroid
18 verbose already installed skipping grunt-bower-requirejs@^0.10.0 /Users/nhindman/Documents/ga_wdi/projects/polaroid
19 verbose already installed skipping grunt-rev@^0.1.0 /Users/nhindman/Documents/ga_wdi/projects/polaroid
20 verbose already installed skipping grunt-processhtml@^0.3.0 /Users/nhindman/Documents/ga_wdi/projects/polaroid
21 verbose already installed skipping grunt-usemin@^2.1.0 /Users/nhindman/Documents/ga_wdi/projects/polaroid
22 verbose already installed skipping grunt-jscs-checker@^0.4.1 /Users/nhindman/Documents/ga_wdi/projects/polaroid
23 verbose already installed skipping grunt-eslint@^0.4.0 /Users/nhindman/Documents/ga_wdi/projects/polaroid
24 verbose already installed skipping load-grunt-config@^0.8.0-beta.1 /Users/nhindman/Documents/ga_wdi/projects/polaroid
25 verbose already installed skipping time-grunt@^0.3.1 /Users/nhindman/Documents/ga_wdi/projects/polaroid
26 silly resolved []
27 info build /Users/nhindman/Documents/ga_wdi/projects/polaroid
28 verbose linkStuff [ false,
28 verbose linkStuff   false,
28 verbose linkStuff   false,
28 verbose linkStuff   '/Users/nhindman/Documents/ga_wdi/projects' ]
29 info linkStuff polaroid@0.1.0
30 verbose linkBins polaroid@0.1.0
31 verbose linkMans polaroid@0.1.0
32 verbose rebuildBundles polaroid@0.1.0
33 verbose rebuildBundles [ '.bin',
33 verbose rebuildBundles   'bower',
33 verbose rebuildBundles   'grunt',
33 verbose rebuildBundles   'grunt-bower-requirejs',
33 verbose rebuildBundles   'grunt-contrib-clean',
33 verbose rebuildBundles   'grunt-contrib-concat',
33 verbose rebuildBundles   'grunt-contrib-connect',
33 verbose rebuildBundles   'grunt-contrib-copy',
33 verbose rebuildBundles   'grunt-contrib-cssmin',
33 verbose rebuildBundles   'grunt-contrib-htmlmin',
33 verbose rebuildBundles   'grunt-contrib-requirejs',
33 verbose rebuildBundles   'grunt-contrib-uglify',
33 verbose rebuildBundles   'grunt-contrib-watch',
33 verbose rebuildBundles   'grunt-eslint',
33 verbose rebuildBundles   'grunt-jscs-checker',
33 verbose rebuildBundles   'grunt-processhtml',
33 verbose rebuildBundles   'grunt-rev',
33 verbose rebuildBundles   'grunt-usemin',
33 verbose rebuildBundles   'load-grunt-config',
33 verbose rebuildBundles   'time-grunt' ]
34 verbose rebuild bundle /Users/nhindman/Documents/ga_wdi/projects/polaroid/node_modules/bower
35 info build /Users/nhindman/Documents/ga_wdi/projects/polaroid/node_modules/bower
36 info preinstall bower@1.3.3
37 verbose linkStuff [ false,
37 verbose linkStuff   false,
37 verbose linkStuff   false,
37 verbose linkStuff   '/Users/nhindman/Documents/ga_wdi/projects/polaroid/node_modules' ]
38 info linkStuff bower@1.3.3
39 warn prefer global bower@1.3.3 should be installed with -g
40 verbose linkBins bower@1.3.3
41 verbose link bins [ { bower: 'bin/bower' },
41 verbose link bins   '/Users/nhindman/Documents/ga_wdi/projects/polaroid/node_modules/.bin',
41 verbose link bins   false ]
42 verbose linkMans bower@1.3.3
43 verbose rebuildBundles bower@1.3.3
44 verbose rebuildBundles [ '.bin',
44 verbose rebuildBundles   'abbrev',
44 verbose rebuildBundles   'archy',
44 verbose rebuildBundles   'bower-config',
44 verbose rebuildBundles   'bower-endpoint-parser',
44 verbose rebuildBundles   'bower-json',
44 verbose rebuildBundles   'bower-logger',
44 verbose rebuildBundles   'bower-registry-client',
44 verbose rebuildBundles   'cardinal',
44 verbose rebuildBundles   'chalk',
44 verbose rebuildBundles   'chmodr',
44 verbose rebuildBundles   'decompress-zip',
44 verbose rebuildBundles   'fstream',
44 verbose rebuildBundles   'fstream-ignore',
44 verbose rebuildBundles   'glob',
44 verbose rebuildBundles   'graceful-fs',
44 verbose rebuildBundles   'handlebars',
44 verbose rebuildBundles   'inquirer',
44 verbose rebuildBundles   'insight',
44 verbose rebuildBundles   'is-root',
44 verbose rebuildBundles   'junk',
44 verbose rebuildBundles   'lockfile',
44 verbose rebuildBundles   'lru-cache',
44 verbose rebuildBundles   'mkdirp',
44 verbose rebuildBundles   'mout',
44 verbose rebuildBundles   'nopt',
44 verbose rebuildBundles   'opn',
44 verbose rebuildBundles   'osenv',
44 verbose rebuildBundles   'p-throttler',
44 verbose rebuildBundles   'promptly',
44 verbose rebuildBundles   'q',
44 verbose rebuildBundles   'request',
44 verbose rebuildBundles   'request-progress',
44 verbose rebuildBundles   'retry',
44 verbose rebuildBundles   'rimraf',
44 verbose rebuildBundles   'semver',
44 verbose rebuildBundles   'shell-quote',
44 verbose rebuildBundles   'stringify-object',
44 verbose rebuildBundles   'tar',
44 verbose rebuildBundles   'tmp',
44 verbose rebuildBundles   'update-notifier',
44 verbose rebuildBundles   'which' ]
45 info install bower@1.3.3
46 info postinstall bower@1.3.3
47 info install polaroid@0.1.0
48 info postinstall polaroid@0.1.0
49 verbose unsafe-perm in lifecycle true
50 info polaroid@0.1.0 Failed to exec postinstall script
51 error polaroid@0.1.0 postinstall: `bower install && grunt build`
51 error Exit status 3
52 error Failed at the polaroid@0.1.0 postinstall script.
52 error This is most likely a problem with the polaroid package,
52 error not with npm itself.
52 error Tell the author that this fails on your system:
52 error     bower install && grunt build
52 error You can get their info via:
52 error     npm owner ls polaroid
52 error There is likely additional logging output above.
53 error System Darwin 13.1.0
54 error command "node" "/Users/nhindman/local/bin/npm" "install"
55 error cwd /Users/nhindman/Documents/ga_wdi/projects/polaroid
56 error node -v v0.10.28
57 error npm -v 1.4.10
58 error code ELIFECYCLE
59 verbose exit [ 1, true ]
